Using pre-set license
Built from '2020.3/staging' branch; Version is '2020.3.4f1 (0abb6314276a) revision 703331'; Using compiler version '192528614'; Build Type 'Release'
OS: 'Windows 10 Pro; OS build 19042.985; Version 2009; 64bit' Language: 'ru' Physical Memory: 8143 MB
BatchMode: 1, IsHumanControllingUs: 0, StartBugReporterOnCrash: 0, Is64bit: 1, IsPro: 0

 COMMAND LINE ARGUMENTS:
C:\Program Files\Unity\Hub\Editor\2020.3.4f1\Editor\Unity.exe
-adb2
-batchMode
-noUpm
-name
AssetImportWorker0
-projectPath
C:/MyOwnGames/GameF
-logFile
Logs/AssetImportWorker0.log
-srvPort
5958
Successfully changed project path to: C:/MyOwnGames/GameF
C:/MyOwnGames/GameF
Using Asset Import Pipeline V2.
Refreshing native plugins compatible for Editor in 40.85 ms, found 1 plugins.
Preloading 0 native plugins for Editor in 0.00 ms.
Initialize engine version: 2020.3.4f1 (0abb6314276a)
[Subsystems] Discovering subsystems at path C:/Program Files/Unity/Hub/Editor/2020.3.4f1/Editor/Data/Resources/UnitySubsystems
[Subsystems] Discovering subsystems at path C:/MyOwnGames/GameF/Assets
GfxDevice: creating device client; threaded=0
Direct3D:
    Version:  Direct3D 11.0 [level 11.1]
    Renderer: Radeon RX550/550 Series (ID=0x67ff)
    Vendor:   
    VRAM:     2027 MB
    Driver:   27.20.1034.6
Initialize mono
Mono path[0] = 'C:/Program Files/Unity/Hub/Editor/2020.3.4f1/Editor/Data/Managed'
Mono path[1] = 'C:/Program Files/Unity/Hub/Editor/2020.3.4f1/Editor/Data/MonoBleedingEdge/lib/mono/unityjit'
Mono config path = 'C:/Program Files/Unity/Hub/Editor/2020.3.4f1/Editor/Data/MonoBleedingEdge/etc'
Using monoOptions --debugger-agent=transport=dt_socket,embedding=1,server=y,suspend=n,address=127.0.0.1:56544
Begin MonoManager ReloadAssembly
Registering precompiled unity dll's ...
Register platform support module: C:/Program Files/Unity/Hub/Editor/2020.3.4f1/Editor/Data/PlaybackEngines/WebGLSupport/UnityEditor.WebGL.Extensions.dll
Register platform support module: C:/Program Files/Unity/Hub/Editor/2020.3.4f1/Editor/Data/PlaybackEngines/WindowsStandaloneSupport/UnityEditor.WindowsStandalone.Extensions.dll
Register platform support module: C:/Program Files/Unity/Hub/Editor/2020.3.4f1/Editor/Data/PlaybackEngines/LuminSupport/UnityEditor.Lumin.Extensions.dll
Registered in 0.001955 seconds.
Native extension for Lumin target not found
Native extension for WindowsStandalone target not found
Native extension for WebGL target not found
Refreshing native plugins compatible for Editor in 38.94 ms, found 1 plugins.
Preloading 0 native plugins for Editor in 0.00 ms.
Mono: successfully reloaded assembly
- Completed reload, in  2.436 seconds
Platform modules already initialized, skipping
Registering precompiled user dll's ...
Registered in 0.001317 seconds.
Begin MonoManager ReloadAssembly
Native extension for Lumin target not found
Native extension for WindowsStandalone target not found
Native extension for WebGL target not found
Refreshing native plugins compatible for Editor in 38.74 ms, found 1 plugins.
Preloading 0 native plugins for Editor in 0.00 ms.
Mono: successfully reloaded assembly
- Completed reload, in  0.983 seconds
Platform modules already initialized, skipping
========================================================================
Worker process is ready to serve import requests
Launched and connected shader compiler UnityShaderCompiler.exe after 0.04 seconds
Refreshing native plugins compatible for Editor in 0.37 ms, found 1 plugins.
Preloading 0 native plugins for Editor in 0.00 ms.
Unloading 1814 Unused Serialized files (Serialized files now loaded: 0)
System memory in use before: 85.5 MB.
System memory in use after: 85.4 MB.

Unloading 25 unused Assets to reduce memory usage. Loaded Objects now: 2257.
Total: 2.263600 ms (FindLiveObjects: 0.254400 ms CreateObjectMapping: 0.057800 ms MarkObjects: 1.810300 ms  DeleteObjects: 0.140400 ms)

========================================================================
Received Import Request.
  path: Assets/Scripts/RecordScript.cs
  artifactKey: Guid(ba070890f0ef5d64d81cbbce1caec181) Importer(815301076,1909f56bfc062723c751e8b465ee728b)
Start importing Assets/Scripts/RecordScript.cs using Guid(ba070890f0ef5d64d81cbbce1caec181) Importer(815301076,1909f56bfc062723c751e8b465ee728b)  -> (artifact id: '7e89af2d2286338fa80028ba41b04b8f') in 0.025930 seconds
  Import took 0.029544 seconds .

========================================================================
Received Import Request.
  Time since last request: 174.578754 seconds.
  path: Assets/Scripts/MainScript.cs
  artifactKey: Guid(19f7c8a6cee97f84eba1f34897fe10a0) Importer(815301076,1909f56bfc062723c751e8b465ee728b)
Start importing Assets/Scripts/MainScript.cs using Guid(19f7c8a6cee97f84eba1f34897fe10a0) Importer(815301076,1909f56bfc062723c751e8b465ee728b)  -> (artifact id: '4796957fae8a66faf0b96e0fa7236e72') in 0.004787 seconds
  Import took 0.008642 seconds .

========================================================================
Received Prepare
Registering precompiled user dll's ...
Registered in 0.001159 seconds.
Begin MonoManager ReloadAssembly
Native extension for Lumin target not found
Native extension for WindowsStandalone target not found
Native extension for WebGL target not found
Refreshing native plugins compatible for Editor in 0.51 ms, found 1 plugins.
Preloading 0 native plugins for Editor in 0.00 ms.
Mono: successfully reloaded assembly
- Completed reload, in  0.875 seconds
Platform modules already initialized, skipping
Refreshing native plugins compatible for Editor in 0.41 ms, found 1 plugins.
Preloading 0 native plugins for Editor in 0.00 ms.
Unloading 1809 Unused Serialized files (Serialized files now loaded: 0)
System memory in use before: 85.4 MB.
System memory in use after: 85.4 MB.

Unloading 13 unused Assets to reduce memory usage. Loaded Objects now: 2261.
Total: 2.184500 ms (FindLiveObjects: 0.230900 ms CreateObjectMapping: 0.045100 ms MarkObjects: 1.787500 ms  DeleteObjects: 0.120100 ms)

========================================================================
Received Prepare
Registering precompiled user dll's ...
Registered in 0.001225 seconds.
Begin MonoManager ReloadAssembly
Native extension for Lumin target not found
Native extension for WindowsStandalone target not found
Native extension for WebGL target not found
Refreshing native plugins compatible for Editor in 0.39 ms, found 1 plugins.
Preloading 0 native plugins for Editor in 0.00 ms.
Mono: successfully reloaded assembly
- Completed reload, in  0.873 seconds
Platform modules already initialized, skipping
Refreshing native plugins compatible for Editor in 0.38 ms, found 1 plugins.
Preloading 0 native plugins for Editor in 0.00 ms.
Unloading 1809 Unused Serialized files (Serialized files now loaded: 0)
System memory in use before: 85.4 MB.
System memory in use after: 85.4 MB.

Unloading 13 unused Assets to reduce memory usage. Loaded Objects now: 2265.
Total: 2.466100 ms (FindLiveObjects: 0.312500 ms CreateObjectMapping: 0.075300 ms MarkObjects: 1.948100 ms  DeleteObjects: 0.128700 ms)

========================================================================
Received Prepare
Registering precompiled user dll's ...
Registered in 0.001237 seconds.
Begin MonoManager ReloadAssembly
Native extension for Lumin target not found
Native extension for WindowsStandalone target not found
Native extension for WebGL target not found
Refreshing native plugins compatible for Editor in 0.41 ms, found 1 plugins.
Preloading 0 native plugins for Editor in 0.00 ms.
Mono: successfully reloaded assembly
- Completed reload, in  0.864 seconds
Platform modules already initialized, skipping
Refreshing native plugins compatible for Editor in 0.38 ms, found 1 plugins.
Preloading 0 native plugins for Editor in 0.00 ms.
Unloading 1809 Unused Serialized files (Serialized files now loaded: 0)
System memory in use before: 85.4 MB.
System memory in use after: 85.4 MB.

Unloading 13 unused Assets to reduce memory usage. Loaded Objects now: 2269.
Total: 2.385300 ms (FindLiveObjects: 0.323400 ms CreateObjectMapping: 0.045600 ms MarkObjects: 1.893100 ms  DeleteObjects: 0.121800 ms)

========================================================================
Received Import Request.
  Time since last request: 465.715783 seconds.
  path: Assets/Scripts/RecordScript.cs
  artifactKey: Guid(ba070890f0ef5d64d81cbbce1caec181) Importer(815301076,1909f56bfc062723c751e8b465ee728b)
Start importing Assets/Scripts/RecordScript.cs using Guid(ba070890f0ef5d64d81cbbce1caec181) Importer(815301076,1909f56bfc062723c751e8b465ee728b)  -> (artifact id: 'e5382d5b24c6da532367a7c70691d793') in 0.006690 seconds
  Import took 0.011047 seconds .

========================================================================
Received Prepare
Registering precompiled user dll's ...
Registered in 0.001511 seconds.
Begin MonoManager ReloadAssembly
Native extension for Lumin target not found
Native extension for WindowsStandalone target not found
Native extension for WebGL target not found
Refreshing native plugins compatible for Editor in 0.41 ms, found 1 plugins.
Preloading 0 native plugins for Editor in 0.00 ms.
Mono: successfully reloaded assembly
- Completed reload, in  0.846 seconds
Platform modules already initialized, skipping
Refreshing native plugins compatible for Editor in 0.38 ms, found 1 plugins.
Preloading 0 native plugins for Editor in 0.00 ms.
Unloading 1809 Unused Serialized files (Serialized files now loaded: 0)
System memory in use before: 85.4 MB.
System memory in use after: 85.4 MB.

Unloading 13 unused Assets to reduce memory usage. Loaded Objects now: 2273.
Total: 2.177500 ms (FindLiveObjects: 0.244200 ms CreateObjectMapping: 0.044900 ms MarkObjects: 1.767500 ms  DeleteObjects: 0.119900 ms)

========================================================================
Received Import Request.
  Time since last request: 17.845513 seconds.
  path: Assets/Scripts/RecordScript.cs
  artifactKey: Guid(ba070890f0ef5d64d81cbbce1caec181) Importer(815301076,1909f56bfc062723c751e8b465ee728b)
Start importing Assets/Scripts/RecordScript.cs using Guid(ba070890f0ef5d64d81cbbce1caec181) Importer(815301076,1909f56bfc062723c751e8b465ee728b)  -> (artifact id: '2858d4cf25c105e2b6955cff0470b2a7') in 0.005401 seconds
  Import took 0.008481 seconds .

========================================================================
Received Prepare
Registering precompiled user dll's ...
Registered in 0.001365 seconds.
Begin MonoManager ReloadAssembly
Native extension for Lumin target not found
Native extension for WindowsStandalone target not found
Native extension for WebGL target not found
Refreshing native plugins compatible for Editor in 0.45 ms, found 1 plugins.
Preloading 0 native plugins for Editor in 0.00 ms.
Mono: successfully reloaded assembly
- Completed reload, in  0.890 seconds
Platform modules already initialized, skipping
Refreshing native plugins compatible for Editor in 0.45 ms, found 1 plugins.
Preloading 0 native plugins for Editor in 0.00 ms.
Unloading 1809 Unused Serialized files (Serialized files now loaded: 0)
System memory in use before: 85.4 MB.
System memory in use after: 85.4 MB.

Unloading 13 unused Assets to reduce memory usage. Loaded Objects now: 2277.
Total: 2.483700 ms (FindLiveObjects: 0.273100 ms CreateObjectMapping: 0.051600 ms MarkObjects: 2.027800 ms  DeleteObjects: 0.130400 ms)

========================================================================
Received Import Request.
  Time since last request: 159.281953 seconds.
  path: Assets/Scenes/MainMenu.unity
  artifactKey: Guid(3cf65f16608b37e45b7b0543f5a2b27a) Importer(815301076,1909f56bfc062723c751e8b465ee728b)
Start importing Assets/Scenes/MainMenu.unity using Guid(3cf65f16608b37e45b7b0543f5a2b27a) Importer(815301076,1909f56bfc062723c751e8b465ee728b)  -> (artifact id: '7a14dca14a63159d5fd86ed023c0a82c') in 0.016826 seconds
  Import took 0.020394 seconds .

========================================================================
Received Prepare
Registering precompiled user dll's ...
Registered in 0.001248 seconds.
Begin MonoManager ReloadAssembly
Native extension for Lumin target not found
Native extension for WindowsStandalone target not found
Native extension for WebGL target not found
Refreshing native plugins compatible for Editor in 0.40 ms, found 1 plugins.
Preloading 0 native plugins for Editor in 0.00 ms.
Mono: successfully reloaded assembly
- Completed reload, in  0.850 seconds
Platform modules already initialized, skipping
Refreshing native plugins compatible for Editor in 0.37 ms, found 1 plugins.
Preloading 0 native plugins for Editor in 0.00 ms.
Unloading 1809 Unused Serialized files (Serialized files now loaded: 0)
System memory in use before: 85.5 MB.
System memory in use after: 85.4 MB.

Unloading 13 unused Assets to reduce memory usage. Loaded Objects now: 2281.
Total: 2.176400 ms (FindLiveObjects: 0.196000 ms CreateObjectMapping: 0.046500 ms MarkObjects: 1.817400 ms  DeleteObjects: 0.115900 ms)

========================================================================
Received Import Request.
  Time since last request: 115.782204 seconds.
  path: Assets/Scenes/GameScene.unity
  artifactKey: Guid(2cda990e2423bbf4892e6590ba056729) Importer(815301076,1909f56bfc062723c751e8b465ee728b)
Start importing Assets/Scenes/GameScene.unity using Guid(2cda990e2423bbf4892e6590ba056729) Importer(815301076,1909f56bfc062723c751e8b465ee728b)  -> (artifact id: '17e6ba6c6c6b70dab25bb9372a925864') in 0.015946 seconds
  Import took 0.019526 seconds .

========================================================================
Received Prepare
Registering precompiled user dll's ...
Registered in 0.001275 seconds.
Begin MonoManager ReloadAssembly
Native extension for Lumin target not found
Native extension for WindowsStandalone target not found
Native extension for WebGL target not found
Refreshing native plugins compatible for Editor in 0.40 ms, found 1 plugins.
Preloading 0 native plugins for Editor in 0.00 ms.
Mono: successfully reloaded assembly
- Completed reload, in  0.861 seconds
Platform modules already initialized, skipping
Refreshing native plugins compatible for Editor in 0.38 ms, found 1 plugins.
Preloading 0 native plugins for Editor in 0.00 ms.
Unloading 1809 Unused Serialized files (Serialized files now loaded: 0)
System memory in use before: 85.5 MB.
System memory in use after: 85.5 MB.

Unloading 13 unused Assets to reduce memory usage. Loaded Objects now: 2285.
Total: 2.315700 ms (FindLiveObjects: 0.209900 ms CreateObjectMapping: 0.043200 ms MarkObjects: 1.924500 ms  DeleteObjects: 0.137200 ms)

========================================================================
Received Prepare
Registering precompiled user dll's ...
Registered in 0.001229 seconds.
Begin MonoManager ReloadAssembly
Native extension for Lumin target not found
Native extension for WindowsStandalone target not found
Native extension for WebGL target not found
Refreshing native plugins compatible for Editor in 0.39 ms, found 1 plugins.
Preloading 0 native plugins for Editor in 0.00 ms.
Mono: successfully reloaded assembly
- Completed reload, in  0.861 seconds
Platform modules already initialized, skipping
Refreshing native plugins compatible for Editor in 0.38 ms, found 1 plugins.
Preloading 0 native plugins for Editor in 0.00 ms.
Unloading 1809 Unused Serialized files (Serialized files now loaded: 0)
System memory in use before: 85.5 MB.
System memory in use after: 85.5 MB.

Unloading 13 unused Assets to reduce memory usage. Loaded Objects now: 2289.
Total: 2.144200 ms (FindLiveObjects: 0.224300 ms CreateObjectMapping: 0.043100 ms MarkObjects: 1.755200 ms  DeleteObjects: 0.120700 ms)

========================================================================
Received Prepare
Registering precompiled user dll's ...
Registered in 0.001460 seconds.
Begin MonoManager ReloadAssembly
Native extension for Lumin target not found
Native extension for WindowsStandalone target not found
Native extension for WebGL target not found
Refreshing native plugins compatible for Editor in 0.50 ms, found 1 plugins.
Preloading 0 native plugins for Editor in 0.00 ms.
Mono: successfully reloaded assembly
- Completed reload, in  0.958 seconds
Platform modules already initialized, skipping
Refreshing native plugins compatible for Editor in 0.39 ms, found 1 plugins.
Preloading 0 native plugins for Editor in 0.00 ms.
Unloading 1809 Unused Serialized files (Serialized files now loaded: 0)
System memory in use before: 85.5 MB.
System memory in use after: 85.5 MB.

Unloading 13 unused Assets to reduce memory usage. Loaded Objects now: 2293.
Total: 2.188400 ms (FindLiveObjects: 0.246100 ms CreateObjectMapping: 0.048100 ms MarkObjects: 1.775200 ms  DeleteObjects: 0.117800 ms)

========================================================================
Received Prepare
Refreshing native plugins compatible for Editor in 1.66 ms, found 1 plugins.
Preloading 0 native plugins for Editor in 0.00 ms.
Unloading 11 Unused Serialized files (Serialized files now loaded: 0)
System memory in use before: 49.9 MB.
System memory in use after: 49.9 MB.

Unloading 11 unused Assets to reduce memory usage. Loaded Objects now: 2293.
Total: 2.339100 ms (FindLiveObjects: 0.316200 ms CreateObjectMapping: 0.074800 ms MarkObjects: 1.820200 ms  DeleteObjects: 0.126700 ms)

AssetImportWorkerClient::OnTransportError - code=2 error=End of file
